<?xml version="1.0" encoding="UTF-8"?>
<!-- Generated by org.testng.reporters.JUnitXMLReporter -->
<testsuite ignored="0" hostname="DESKTOP-DJ4FDME" failures="0" tests="2" name="Default test" time="13.395" errors="0" timestamp="2024-05-02T07:55:07 IST">
  <testcase classname="org.wipro.auto.fb.testcase.SignupScenario_DDF" name="tc002_validsignupfunc" time="1.485"/>
  <testcase classname="org.wipro.auto.fb.testcase.SignupScenario_DDF" name="tc002_validsignupfunc" time="1.599"/>
</testsuite> <!-- Default test -->
