<?xml version="1.0" encoding="UTF-8"?>
<testng-results ignored="0" total="1" passed="1" failed="0" skipped="0">
  <reporter-output>
  </reporter-output>
  <suite started-at="2024-05-03T07:37:00 IST" name="Default suite" finished-at="2024-05-03T07:37:11 IST" duration-ms="11184">
    <groups>
    </groups>
    <test started-at="2024-05-03T07:37:00 IST" name="Default test" finished-at="2024-05-03T07:37:11 IST" duration-ms="11184">
      <class name="org.wipro.auto.fb.testcase.HeaderScenarios">
        <test-method is-config="true" signature="launchBrowser()[pri:0, instance:org.wipro.auto.fb.testcase.HeaderScenarios@5677323c]" started-at="2024-05-03T07:37:00 IST" name="launchBrowser" finished-at="2024-05-03T07:37:09 IST" duration-ms="9113" status="PASS">
          <reporter-output>
          </reporter-output>
        </test-method> <!-- launchBrowser -->
        <test-method signature="tc001_validheaderLinks()[pri:0, instance:org.wipro.auto.fb.testcase.HeaderScenarios@5677323c]" started-at="2024-05-03T07:37:09 IST" name="tc001_validheaderLinks" finished-at="2024-05-03T07:37:11 IST" duration-ms="1967" status="PASS">
          <reporter-output>
          </reporter-output>
        </test-method> <!-- tc001_validheaderLinks -->
        <test-method is-config="true" signature="closeBrowser()[pri:0, instance:org.wipro.auto.fb.testcase.HeaderScenarios@5677323c]" started-at="2024-05-03T07:37:11 IST" name="closeBrowser" finished-at="2024-05-03T07:37:11 IST" duration-ms="2" status="PASS">
          <reporter-output>
          </reporter-output>
        </test-method> <!-- closeBrowser -->
      </class> <!-- org.wipro.auto.fb.testcase.HeaderScenarios -->
    </test> <!-- Default test -->
  </suite> <!-- Default suite -->
</testng-results>
